<?xml version="1.0" encoding="UTF-8"?>
<robot generator="Robot 7.3.2 (Python 3.13.5 on darwin)" generated="2025-07-08T23:24:26.129897" rpa="false" schemaversion="5">
<suite id="s1" name="Login" source="/Users/alissontomazelli/Documents/ProjetoRF/login.robot">
<test id="s1-t1" name="Validar Login" line="13">
<kw name="Realizar Login">
<kw name="Create Dictionary" owner="BuiltIn">
<msg time="2025-07-08T23:24:26.184666" level="INFO">${body} = {'mail': 'sysadmin@qacoders.com', 'password': '1234@Test'}</msg>
<var>${body}</var>
<arg>mail=sysadmin@qacoders.com</arg>
<arg>password=1234@Test</arg>
<doc>Creates and returns a dictionary based on the given ``items``.</doc>
<status status="PASS" start="2025-07-08T23:24:26.184552" elapsed="0.000133"/>
</kw>
<kw name="Log" owner="BuiltIn">
<msg time="2025-07-08T23:24:26.184793" level="INFO">{'mail': 'sysadmin@qacoders.com', 'password': '1234@Test'}</msg>
<arg>${body}</arg>
<doc>Logs the given message with the given level.</doc>
<status status="PASS" start="2025-07-08T23:24:26.184733" elapsed="0.000076"/>
</kw>
<status status="PASS" start="2025-07-08T23:24:26.184296" elapsed="0.000534"/>
</kw>
<status status="PASS" start="2025-07-08T23:24:26.183998" elapsed="0.000886"/>
</test>
<doc>Pegar Token</doc>
<status status="PASS" start="2025-07-08T23:24:26.130412" elapsed="0.054611"/>
</suite>
<statistics>
<total>
<stat pass="1" fail="0" skip="0">All Tests</stat>
</total>
<tag>
</tag>
<suite>
<stat name="Login" id="s1" pass="1" fail="0" skip="0">Login</stat>
</suite>
</statistics>
<errors>
</errors>
</robot>
