<?xml version="1.0" encoding="UTF-8"?>
<robot generator="Robot 7.3.2 (Python 3.13.5 on darwin)" generated="2025-07-08T11:02:19.942751" rpa="false" schemaversion="5">
<suite id="s1" name="Login" source="/Users/alissontomazelli/Documents/ProjetoRF/login.robot">
<test id="s1-t1" name="Validar Login" line="15">
<kw name="Realizar Login">
<kw name="Create Dictionary" owner="BuiltIn">
<msg time="2025-07-08T11:02:19.956724" level="INFO">${body} = {'mail': 'sysadmin@qacoders.com', 'password': '1234@Test'}</msg>
<var>${body}</var>
<arg>mail=sysadmin@qacoders.com</arg>
<arg>password=1234@Test</arg>
<doc>Creates and returns a dictionary based on the given ``items``.</doc>
<status status="PASS" start="2025-07-08T11:02:19.956630" elapsed="0.000110"/>
</kw>
<status status="PASS" start="2025-07-08T11:02:19.956420" elapsed="0.000354"/>
</kw>
<status status="PASS" start="2025-07-08T11:02:19.956185" elapsed="0.000641"/>
</test>
<doc>Pegar Token</doc>
<status status="PASS" start="2025-07-08T11:02:19.943199" elapsed="0.013753"/>
</suite>
<statistics>
<total>
<stat pass="1" fail="0" skip="0">All Tests</stat>
</total>
<tag>
</tag>
<suite>
<stat name="Login" id="s1" pass="1" fail="0" skip="0">Login</stat>
</suite>
</statistics>
<errors>
<msg time="2025-07-08T11:02:19.952898" level="ERROR">Error in file '/Users/alissontomazelli/Documents/ProjetoRF/login.robot' on line 5: Importing library 'RequestsLibrary' failed: ModuleNotFoundError: No module named 'RequestsLibrary'
Traceback (most recent call last):
  None
PYTHONPATH:
  /Library/Frameworks/Python.framework/Versions/3.13/bin
  /Library/Frameworks/Python.framework/Versions/3.13/lib/python313.zip
  /Library/Frameworks/Python.framework/Versions/3.13/lib/python3.13
  /Library/Frameworks/Python.framework/Versions/3.13/lib/python3.13/lib-dynload
  /Library/Frameworks/Python.framework/Versions/3.13/lib/python3.13/site-packages</msg>
</errors>
</robot>
