<?xml version="1.0" encoding="UTF-8"?>
<robot generator="Robot 7.3.2 (Python 3.13.5 on darwin)" generated="2025-07-08T10:24:08.782095" rpa="false" schemaversion="5">
<suite id="s1" name="Post" source="/Users/alissontomazelli/Documents/Projeto Robot/post.robot">
<test id="s1-t1" name="Imprimir Nome no Terminal" line="14">
<kw name="Imprimir Nome">
<kw name="Log To Console" owner="BuiltIn">
<arg>Olá ${nome}, Isso é um teste sobre o aprendizado do Robot Framework</arg>
<doc>Logs the given message to the console.</doc>
<status status="PASS" start="2025-07-08T10:24:08.790670" elapsed="0.000081"/>
</kw>
<status status="PASS" start="2025-07-08T10:24:08.790509" elapsed="0.000288"/>
</kw>
<status status="PASS" start="2025-07-08T10:24:08.790250" elapsed="0.000605"/>
</test>
<doc>Teste Projeto</doc>
<status status="PASS" start="2025-07-08T10:24:08.783628" elapsed="0.007364"/>
</suite>
<statistics>
<total>
<stat pass="1" fail="0" skip="0">All Tests</stat>
</total>
<tag>
</tag>
<suite>
<stat name="Post" id="s1" pass="1" fail="0" skip="0">Post</stat>
</suite>
</statistics>
<errors>
</errors>
</robot>
