<?xml version="1.0" encoding="UTF-8"?>
<robot generator="Robot 7.3.2 (Python 3.13.5 on darwin)" generated="2025-07-08T19:45:00.880528" rpa="false" schemaversion="5">
<suite id="s1" name="Post" source="/Users/alissontomazelli/Documents/ProjetoRF/post.robot">
<test id="s1-t1" name="Imprimir Nome no Terminal" line="10">
<kw name="Imprimir Nome">
<kw name="Log To Console" owner="BuiltIn">
<arg>Fazendo teste por</arg>
<arg>${nome}</arg>
<doc>Logs the given message to the console.</doc>
<status status="PASS" start="2025-07-08T19:45:00.893028" elapsed="0.000253"/>
</kw>
<status status="PASS" start="2025-07-08T19:45:00.892603" elapsed="0.000942"/>
</kw>
<status status="PASS" start="2025-07-08T19:45:00.891913" elapsed="0.001899"/>
</test>
<doc>Teste Projeto Robot Framework</doc>
<status status="PASS" start="2025-07-08T19:45:00.881692" elapsed="0.012539"/>
</suite>
<statistics>
<total>
<stat pass="1" fail="0" skip="0">All Tests</stat>
</total>
<tag>
</tag>
<suite>
<stat name="Post" id="s1" pass="1" fail="0" skip="0">Post</stat>
</suite>
</statistics>
<errors>
</errors>
</robot>
